dev/android_studio/android_core/src/android_core/android_tutorial_camera/build/outputs/logs/manifest-merger-debug-report.txt
-- Merging decision tree log ---
manifest
ADDED from android_core/android_tutorial_camera/AndroidManifest.xml:2:1-36:12
INJECTED from android_core/android_tutorial_camera/AndroidManifest.xml:2:1-36:12
INJECTED from android_core/android_tutorial_camera/AndroidManifest.xml:2:1-36:12
INJECTED from android_core/android_tutorial_camera/AndroidManifest.xml:2:1-36:12
MERGED from [:android_core_components] AndroidManifest.xml:2:1-37:12
MERGED from [com.android.support:appcompat-v7:28.0.0] AndroidManifest.xml:17:1-22:12
MERGED from [com.android.support:support-v4:28.0.0] AndroidManifest.xml:17:1-22:12
MERGED from [com.android.support:support-fragment:28.0.0] AndroidManifest.xml:17:1-22:12
MERGED from [com.android.support:animated-vector-drawable:28.0.0] AndroidManifest.xml:17:1-22:12
MERGED from [com.android.support:support-core-ui:28.0.0] AndroidManifest.xml:17:1-22:12
MERGED from [com.android.support:support-core-utils:28.0.0] AndroidManifest.xml:17:1-22:12
MERGED from [com.android.support:support-vector-drawable:28.0.0] AndroidManifest.xml:17:1-22:12
MERGED from [com.android.support:support-media-compat:28.0.0] AndroidManifest.xml:17:1-22:12
MERGED from [com.android.support:loader:28.0.0] AndroidManifest.xml:17:1-22:12
MERGED from [com.android.support:viewpager:28.0.0] AndroidManifest.xml:17:1-22:12
MERGED from [com.android.support:coordinatorlayout:28.0.0] AndroidManifest.xml:17:1-22:12
MERGED from [com.android.support:drawerlayout:28.0.0] AndroidManifest.xml:17:1-22:12
MERGED from [com.android.support:slidingpanelayout:28.0.0] AndroidManifest.xml:17:1-22:12
MERGED from [com.android.support:customview:28.0.0] AndroidManifest.xml:17:1-22:12
MERGED from [com.android.support:swiperefreshlayout:28.0.0] AndroidManifest.xml:17:1-22:12
MERGED from [com.android.support:asynclayoutinflater:28.0.0] AndroidManifest.xml:17:1-22:12
MERGED from [com.android.support:support-compat:28.0.0] AndroidManifest.xml:17:1-24:12
MERGED from [com.android.support:versionedparcelable:28.0.0] AndroidManifest.xml:17:1-25:12
MERGED from [com.android.support:cursoradapter:28.0.0] AndroidManifest.xml:17:1-22:12
MERGED from [android.arch.lifecycle:runtime:1.1.1] AndroidManifest.xml:17:1-22:12
MERGED from [com.android.support:documentfile:28.0.0] AndroidManifest.xml:17:1-22:12
MERGED from [com.android.support:localbroadcastmanager:28.0.0] AndroidManifest.xml:17:1-22:12
MERGED from [com.android.support:print:28.0.0] AndroidManifest.xml:17:1-22:12
MERGED from [android.arch.lifecycle:viewmodel:1.1.1] AndroidManifest.xml:17:1-22:12
MERGED from [com.android.support:interpolator:28.0.0] AndroidManifest.xml:17:1-22:12
MERGED from [android.arch.lifecycle:livedata:1.1.1] AndroidManifest.xml:17:1-22:12
MERGED from [android.arch.lifecycle:livedata-core:1.1.1] AndroidManifest.xml:17:1-22:12
MERGED from [android.arch.core:runtime:1.1.1] AndroidManifest.xml:17:1-22:12
INJECTED from android_core/android_tutorial_camera/AndroidManifest.xml:2:1-36:12
INJECTED from android_core/android_tutorial_camera/AndroidManifest.xml:2:1-36:12
INJECTED from android_core/android_tutorial_camera/AndroidManifest.xml:2:1-36:12
	package
		ADDED from android_core/android_tutorial_camera/AndroidManifest.xml:2:70-119
		INJECTED from android_core/android_tutorial_camera/AndroidManifest.xml
		INJECTED from android_core/android_tutorial_camera/AndroidManifest.xml
	android:versionName
		INJECTED from android_core/android_tutorial_camera/AndroidManifest.xml
		ADDED from android_core/android_tutorial_camera/AndroidManifest.xml:2:1-36:12
		INJECTED from android_core/android_tutorial_camera/AndroidManifest.xml
	android:versionCode
		INJECTED from android_core/android_tutorial_camera/AndroidManifest.xml
		ADDED from android_core/android_tutorial_camera/AndroidManifest.xml:2:1-36:12
		INJECTED from android_core/android_tutorial_camera/AndroidManifest.xml
	xmlns:android
		ADDED from android_core/android_tutorial_camera/AndroidManifest.xml:2:11-69
uses-permission#android.permission.ACCESS_WIFI_STATE
ADDED from android_core/android_tutorial_camera/AndroidManifest.xml:4:5-76
MERGED from [:android_core_components] AndroidManifest.xml:13:5-76
MERGED from [:android_core_components] AndroidManifest.xml:13:5-76
	android:name
		ADDED from android_core/android_tutorial_camera/AndroidManifest.xml:4:22-73
uses-permission#android.permission.CAMERA
ADDED from android_core/android_tutorial_camera/AndroidManifest.xml:5:5-65
	android:name
		ADDED from android_core/android_tutorial_camera/AndroidManifest.xml:5:22-62
uses-permission#android.permission.CHANGE_WIFI_STATE
ADDED from android_core/android_tutorial_camera/AndroidManifest.xml:6:5-76
MERGED from [:android_core_components] AndroidManifest.xml:14:5-76
MERGED from [:android_core_components] AndroidManifest.xml:14:5-76
	android:name
		ADDED from android_core/android_tutorial_camera/AndroidManifest.xml:6:22-73
uses-permission#android.permission.INTERNET
ADDED from android_core/android_tutorial_camera/AndroidManifest.xml:7:5-67
	android:name
		ADDED from android_core/android_tutorial_camera/AndroidManifest.xml:7:22-64
uses-permission#android.permission.WAKE_LOCK
ADDED from android_core/android_tutorial_camera/AndroidManifest.xml:8:5-68
MERGED from [:android_core_components] AndroidManifest.xml:15:5-68
MERGED from [:android_core_components] AndroidManifest.xml:15:5-68
	android:name
		ADDED from android_core/android_tutorial_camera/AndroidManifest.xml:8:22-65
uses-permission#android.permission.WRITE_EXTERNAL_STORAGE
ADDED from android_core/android_tutorial_camera/AndroidManifest.xml:9:5-81
MERGED from [:android_core_components] AndroidManifest.xml:12:5-81
MERGED from [:android_core_components] AndroidManifest.xml:12:5-81
	android:name
		ADDED from android_core/android_tutorial_camera/AndroidManifest.xml:9:22-78
uses-permission#android.permission.FOREGROUND_SERVICE
ADDED from android_core/android_tutorial_camera/AndroidManifest.xml:10:5-77
MERGED from [:android_core_components] AndroidManifest.xml:17:5-77
MERGED from [:android_core_components] AndroidManifest.xml:17:5-77
	android:name
		ADDED from android_core/android_tutorial_camera/AndroidManifest.xml:10:22-74
application
ADDED from android_core/android_tutorial_camera/AndroidManifest.xml:12:5-34:19
MERGED from [:android_core_components] AndroidManifest.xml:19:5-35:19
MERGED from [:android_core_components] AndroidManifest.xml:19:5-35:19
MERGED from [com.android.support:support-compat:28.0.0] AndroidManifest.xml:22:5-94
MERGED from [com.android.support:support-compat:28.0.0] AndroidManifest.xml:22:5-94
MERGED from [com.android.support:versionedparcelable:28.0.0] AndroidManifest.xml:22:5-23:19
MERGED from [com.android.support:versionedparcelable:28.0.0] AndroidManifest.xml:22:5-23:19
	android:appComponentFactory
		ADDED from [com.android.support:support-compat:28.0.0] AndroidManifest.xml:22:18-91
	android:label
		ADDED from android_core/android_tutorial_camera/AndroidManifest.xml:14:9-41
	android:icon
		ADDED from android_core/android_tutorial_camera/AndroidManifest.xml:13:9-36
	android:allowBackup
		ADDED from android_core/android_tutorial_camera/AndroidManifest.xml:15:9-35
activity#org.ros.android.android_tutorial_camera.MainActivity
ADDED from android_core/android_tutorial_camera/AndroidManifest.xml:16:9-26:20
	android:screenOrientation
		ADDED from android_core/android_tutorial_camera/AndroidManifest.xml:20:13-50
	android:label
		ADDED from android_core/android_tutorial_camera/AndroidManifest.xml:19:13-45
	android:configChanges
		ADDED from android_core/android_tutorial_camera/AndroidManifest.xml:18:13-63
	android:name
		ADDED from android_core/android_tutorial_camera/AndroidManifest.xml:17:13-80
intent-filter#action:name:android.intent.action.MAIN+category:name:android.intent.category.LAUNCHER
ADDED from android_core/android_tutorial_camera/AndroidManifest.xml:21:13-25:29
action#android.intent.action.MAIN
ADDED from android_core/android_tutorial_camera/AndroidManifest.xml:22:17-69
	android:name
		ADDED from android_core/android_tutorial_camera/AndroidManifest.xml:22:25-66
category#android.intent.category.LAUNCHER
ADDED from android_core/android_tutorial_camera/AndroidManifest.xml:24:17-77
	android:name
		ADDED from android_core/android_tutorial_camera/AndroidManifest.xml:24:27-74
activity#org.ros.android.MasterChooser
ADDED from android_core/android_tutorial_camera/AndroidManifest.xml:27:9-66
MERGED from [:android_core_components] AndroidManifest.xml:22:9-26:54
MERGED from [:android_core_components] AndroidManifest.xml:22:9-26:54
	android:label
		ADDED from [:android_core_components] AndroidManifest.xml:24:13-45
	android:launchMode
		ADDED from [:android_core_components] AndroidManifest.xml:25:13-42
	android:theme
		ADDED from [:android_core_components] AndroidManifest.xml:26:13-51
	android:name
		ADDED from android_core/android_tutorial_camera/AndroidManifest.xml:27:19-63
service#org.ros.android.NodeMainExecutorService
ADDED from android_core/android_tutorial_camera/AndroidManifest.xml:29:9-33:19
MERGED from [:android_core_components] AndroidManifest.xml:28:9-34:19
MERGED from [:android_core_components] AndroidManifest.xml:28:9-34:19
	tools:ignore
		ADDED from [:android_core_components] AndroidManifest.xml:30:13-43
	android:name
		ADDED from android_core/android_tutorial_camera/AndroidManifest.xml:29:18-72
intent-filter#action:name:org.ros.android.NodeMainExecutorService
ADDED from android_core/android_tutorial_camera/AndroidManifest.xml:30:13-32:29
action#org.ros.android.NodeMainExecutorService
ADDED from android_core/android_tutorial_camera/AndroidManifest.xml:31:17-82
	android:name
		ADDED from android_core/android_tutorial_camera/AndroidManifest.xml:31:25-79
uses-sdk
INJECTED from android_core/android_tutorial_camera/AndroidManifest.xml reason: use-sdk injection requested
INJECTED from android_core/android_tutorial_camera/AndroidManifest.xml
INJECTED from android_core/android_tutorial_camera/AndroidManifest.xml
MERGED from [:android_core_components] AndroidManifest.xml:8:5-10:41
MERGED from [:android_core_components] AndroidManifest.xml:8:5-10:41
MERGED from [com.android.support:appcompat-v7:28.0.0] AndroidManifest.xml:20:5-44
MERGED from [com.android.support:appcompat-v7:28.0.0] AndroidManifest.xml:20:5-44
MERGED from [com.android.support:support-v4:28.0.0] AndroidManifest.xml:20:5-44
MERGED from [com.android.support:support-v4:28.0.0] AndroidManifest.xml:20:5-44
MERGED from [com.android.support:support-fragment:28.0.0] AndroidManifest.xml:20:5-44
MERGED from [com.android.support:support-fragment:28.0.0] AndroidManifest.xml:20:5-44
MERGED from [com.android.support:animated-vector-drawable:28.0.0] AndroidManifest.xml:20:5-44
MERGED from [com.android.support:animated-vector-drawable:28.0.0] AndroidManifest.xml:20:5-44
MERGED from [com.android.support:support-core-ui:28.0.0] AndroidManifest.xml:20:5-44
MERGED from [com.android.support:support-core-ui:28.0.0] AndroidManifest.xml:20:5-44
MERGED from [com.android.support:support-core-utils:28.0.0] AndroidManifest.xml:20:5-44
MERGED from [com.android.support:support-core-utils:28.0.0] AndroidManifest.xml:20:5-44
MERGED from [com.android.support:support-vector-drawable:28.0.0] AndroidManifest.xml:20:5-44
MERGED from [com.android.support:support-vector-drawable:28.0.0] AndroidManifest.xml:20:5-44
MERGED from [com.android.support:support-media-compat:28.0.0] AndroidManifest.xml:20:5-44
MERGED from [com.android.support:support-media-compat:28.0.0] AndroidManifest.xml:20:5-44
MERGED from [com.android.support:loader:28.0.0] AndroidManifest.xml:20:5-44
MERGED from [com.android.support:loader:28.0.0] AndroidManifest.xml:20:5-44
MERGED from [com.android.support:viewpager:28.0.0] AndroidManifest.xml:20:5-44
MERGED from [com.android.support:viewpager:28.0.0] AndroidManifest.xml:20:5-44
MERGED from [com.android.support:coordinatorlayout:28.0.0] AndroidManifest.xml:20:5-44
MERGED from [com.android.support:coordinatorlayout:28.0.0] AndroidManifest.xml:20:5-44
MERGED from [com.android.support:drawerlayout:28.0.0] AndroidManifest.xml:20:5-44
MERGED from [com.android.support:drawerlayout:28.0.0] AndroidManifest.xml:20:5-44
MERGED from [com.android.support:slidingpanelayout:28.0.0] AndroidManifest.xml:20:5-44
MERGED from [com.android.support:slidingpanelayout:28.0.0] AndroidManifest.xml:20:5-44
MERGED from [com.android.support:customview:28.0.0] AndroidManifest.xml:20:5-44
MERGED from [com.android.support:customview:28.0.0] AndroidManifest.xml:20:5-44
MERGED from [com.android.support:swiperefreshlayout:28.0.0] AndroidManifest.xml:20:5-44
MERGED from [com.android.support:swiperefreshlayout:28.0.0] AndroidManifest.xml:20:5-44
MERGED from [com.android.support:asynclayoutinflater:28.0.0] AndroidManifest.xml:20:5-44
MERGED from [com.android.support:asynclayoutinflater:28.0.0] AndroidManifest.xml:20:5-44
MERGED from [com.android.support:support-compat:28.0.0] AndroidManifest.xml:20:5-44
MERGED from [com.android.support:support-compat:28.0.0] AndroidManifest.xml:20:5-44
MERGED from [com.android.support:versionedparcelable:28.0.0] AndroidManifest.xml:20:5-44
MERGED from [com.android.support:versionedparcelable:28.0.0] AndroidManifest.xml:20:5-44
MERGED from [com.android.support:cursoradapter:28.0.0] AndroidManifest.xml:20:5-44
MERGED from [com.android.support:cursoradapter:28.0.0] AndroidManifest.xml:20:5-44
MERGED from [android.arch.lifecycle:runtime:1.1.1] AndroidManifest.xml:20:5-44
MERGED from [android.arch.lifecycle:runtime:1.1.1] AndroidManifest.xml:20:5-44
MERGED from [com.android.support:documentfile:28.0.0] AndroidManifest.xml:20:5-44
MERGED from [com.android.support:documentfile:28.0.0] AndroidManifest.xml:20:5-44
MERGED from [com.android.support:localbroadcastmanager:28.0.0] AndroidManifest.xml:20:5-44
MERGED from [com.android.support:localbroadcastmanager:28.0.0] AndroidManifest.xml:20:5-44
MERGED from [com.android.support:print:28.0.0] AndroidManifest.xml:20:5-44
MERGED from [com.android.support:print:28.0.0] AndroidManifest.xml:20:5-44
MERGED from [android.arch.lifecycle:viewmodel:1.1.1] AndroidManifest.xml:20:5-44
MERGED from [android.arch.lifecycle:viewmodel:1.1.1] AndroidManifest.xml:20:5-44
MERGED from [com.android.support:interpolator:28.0.0] AndroidManifest.xml:20:5-44
MERGED from [com.android.support:interpolator:28.0.0] AndroidManifest.xml:20:5-44
MERGED from [android.arch.lifecycle:livedata:1.1.1] AndroidManifest.xml:20:5-44
MERGED from [android.arch.lifecycle:livedata:1.1.1] AndroidManifest.xml:20:5-44
MERGED from [android.arch.lifecycle:livedata-core:1.1.1] AndroidManifest.xml:20:5-44
MERGED from [android.arch.lifecycle:livedata-core:1.1.1] AndroidManifest.xml:20:5-44
MERGED from [android.arch.core:runtime:1.1.1] AndroidManifest.xml:20:5-44
MERGED from [android.arch.core:runtime:1.1.1] AndroidManifest.xml:20:5-44
INJECTED from android_core/android_tutorial_camera/AndroidManifest.xml
INJECTED from android_core/android_tutorial_camera/AndroidManifest.xml
	android:targetSdkVersion
		INJECTED from android_core/android_tutorial_camera/AndroidManifest.xml
		ADDED from android_core/android_tutorial_camera/AndroidManifest.xml
		INJECTED from android_core/android_tutorial_camera/AndroidManifest.xml
	android:minSdkVersion
		INJECTED from android_core/android_tutorial_camera/AndroidManifest.xml
		ADDED from android_core/android_tutorial_camera/AndroidManifest.xml
		INJECTED from android_core/android_tutorial_camera/AndroidManifest.xml
uses-permission#android.permission.SYSTEM_ALERT_WINDOW
ADDED from [:android_core_components] AndroidManifest.xml:16:5-78
	android:name
		ADDED from [:android_core_components] AndroidManifest.xml:16:22-75